Mobile Game/Library/Bee/Android/Prj/Mono2x/Gradle/launcher/build/intermediates/manifest_merge_blame_file/release/manifest-merger-blame-release-report.txt
1<?xml version="1.0" encoding="utf-8"?>
2<manifest xmlns:android="http://schemas.android.com/apk/res/android"
3    package="com.DefaultCompany.MobileGame"
4    android:installLocation="preferExternal"
5    android:versionCode="1"
6    android:versionName="1.0.0" >
7
8    <uses-sdk
9        android:minSdkVersion="23"
9-->src\main\AndroidManifest.xml
10        android:targetSdkVersion="33" />
10-->src\main\AndroidManifest.xml
11
12    <supports-screens
12-->src\main\AndroidManifest.xml:3:3-163
13        android:anyDensity="true"
13-->src\main\AndroidManifest.xml:3:135-160
14        android:largeScreens="true"
14-->src\main\AndroidManifest.xml:3:78-105
15        android:normalScreens="true"
15-->src\main\AndroidManifest.xml:3:49-77
16        android:smallScreens="true"
16-->src\main\AndroidManifest.xml:3:21-48
17        android:xlargeScreens="true" />
17-->src\main\AndroidManifest.xml:3:106-134
18
19    <uses-feature android:glEsVersion="0x00030000" />
19-->[:unityLibrary] AndroidManifest.xml:12:5-54
19-->[:unityLibrary] AndroidManifest.xml:12:19-51
20    <uses-feature
20-->[:unityLibrary] AndroidManifest.xml:13:5-15:36
21        android:name="android.hardware.vulkan.version"
21-->[:unityLibrary] AndroidManifest.xml:14:9-55
22        android:required="false" />
22-->[:unityLibrary] AndroidManifest.xml:15:9-33
23
24    <uses-permission android:name="android.permission.INTERNET" />
24-->[:unityLibrary] AndroidManifest.xml:17:5-67
24-->[:unityLibrary] AndroidManifest.xml:17:22-64
25    <uses-permission android:name="android.permission.VIBRATE" />
25-->[:unityLibrary] AndroidManifest.xml:18:5-66
25-->[:unityLibrary] AndroidManifest.xml:18:22-63
26    <uses-permission android:name="android.permission.ACCESS_NETWORK_STATE" />
26-->[:unityLibrary] AndroidManifest.xml:19:5-79
26-->[:unityLibrary] AndroidManifest.xml:19:22-76
27    <uses-permission android:name="android.permission.ACCESS_FINE_LOCATION" />
27-->[:unityLibrary] AndroidManifest.xml:20:5-79
27-->[:unityLibrary] AndroidManifest.xml:20:22-76
28    <uses-permission android:name="android.permission.ACCESS_COARSE_LOCATION" />
28-->[:unityLibrary] AndroidManifest.xml:21:5-81
28-->[:unityLibrary] AndroidManifest.xml:21:22-78
29
30    <uses-feature
30-->[:unityLibrary] AndroidManifest.xml:23:5-25:36
31        android:name="android.hardware.location.gps"
31-->[:unityLibrary] AndroidManifest.xml:24:9-53
32        android:required="false" />
32-->[:unityLibrary] AndroidManifest.xml:25:9-33
33    <uses-feature
33-->[:unityLibrary] AndroidManifest.xml:26:5-28:36
34        android:name="android.hardware.location"
34-->[:unityLibrary] AndroidManifest.xml:27:9-49
35        android:required="false" />
35-->[:unityLibrary] AndroidManifest.xml:28:9-33
36
37    <uses-permission android:name="android.permission.CAMERA" />
37-->[:unityLibrary] AndroidManifest.xml:30:5-65
37-->[:unityLibrary] AndroidManifest.xml:30:22-62
38
39    <uses-feature
39-->[:unityLibrary] AndroidManifest.xml:32:5-34:36
40        android:name="android.hardware.camera"
40-->[:unityLibrary] AndroidManifest.xml:33:9-47
41        android:required="false" />
41-->[:unityLibrary] AndroidManifest.xml:34:9-33
42    <uses-feature
42-->[:unityLibrary] AndroidManifest.xml:35:5-37:36
43        android:name="android.hardware.camera.autofocus"
43-->[:unityLibrary] AndroidManifest.xml:36:9-57
44        android:required="false" />
44-->[:unityLibrary] AndroidManifest.xml:37:9-33
45    <uses-feature
45-->[:unityLibrary] AndroidManifest.xml:38:5-40:36
46        android:name="android.hardware.camera.front"
46-->[:unityLibrary] AndroidManifest.xml:39:9-53
47        android:required="false" />
47-->[:unityLibrary] AndroidManifest.xml:40:9-33
48    <uses-feature
48-->[:unityLibrary] AndroidManifest.xml:41:5-43:36
49        android:name="android.hardware.sensor.accelerometer"
49-->[:unityLibrary] AndroidManifest.xml:42:9-61
50        android:required="false" />
50-->[:unityLibrary] AndroidManifest.xml:43:9-33
51    <uses-feature
51-->[:unityLibrary] AndroidManifest.xml:44:5-46:36
52        android:name="android.hardware.touchscreen"
52-->[:unityLibrary] AndroidManifest.xml:45:9-52
53        android:required="false" />
53-->[:unityLibrary] AndroidManifest.xml:46:9-33
54    <uses-feature
54-->[:unityLibrary] AndroidManifest.xml:47:5-49:36
55        android:name="android.hardware.touchscreen.multitouch"
55-->[:unityLibrary] AndroidManifest.xml:48:9-63
56        android:required="false" />
56-->[:unityLibrary] AndroidManifest.xml:49:9-33
57    <uses-feature
57-->[:unityLibrary] AndroidManifest.xml:50:5-52:36
58        android:name="android.hardware.touchscreen.multitouch.distinct"
58-->[:unityLibrary] AndroidManifest.xml:51:9-72
59        android:required="false" />
59-->[:unityLibrary] AndroidManifest.xml:52:9-33
60
61    <uses-permission android:name="com.google.android.gms.permission.AD_ID" />
61-->[:UnityAds:] AndroidManifest.xml:11:5-79
61-->[:UnityAds:] AndroidManifest.xml:11:22-76
62    <uses-permission android:name="android.permission.READ_EXTERNAL_STORAGE" />
62-->[:NativeGallery:] AndroidManifest.xml:4:2-98
62-->[:NativeGallery:] AndroidManifest.xml:4:19-74
63    <uses-permission android:name="android.permission.WRITE_EXTERNAL_STORAGE" />
63-->[:NativeGallery:] AndroidManifest.xml:5:2-99
63-->[:NativeGallery:] AndroidManifest.xml:5:19-75
64
65    <application
65-->src\main\AndroidManifest.xml:4:3-83
66        android:extractNativeLibs="true"
66-->[:unityLibrary] AndroidManifest.xml:54:18-50
67        android:icon="@mipmap/app_icon"
67-->src\main\AndroidManifest.xml:4:49-80
68        android:label="@string/app_name"
68-->src\main\AndroidManifest.xml:4:16-48
69        android:requestLegacyExternalStorage="true" >
69-->[:NativeGallery:] AndroidManifest.xml:6:15-58
70        <activity
70-->[:unityLibrary] AndroidManifest.xml:55:9-76:20
71            android:name="com.unity3d.player.UnityPlayerActivity"
71-->[:unityLibrary] AndroidManifest.xml:56:13-66
72            android:configChanges="mcc|mnc|locale|touchscreen|keyboard|keyboardHidden|navigation|orientation|screenLayout|uiMode|screenSize|smallestScreenSize|fontScale|layoutDirection|density"
72-->[:unityLibrary] AndroidManifest.xml:57:13-194
73            android:exported="true"
73-->[:unityLibrary] AndroidManifest.xml:58:13-36
74            android:hardwareAccelerated="false"
74-->[:unityLibrary] AndroidManifest.xml:59:13-48
75            android:launchMode="singleTask"
75-->[:unityLibrary] AndroidManifest.xml:60:13-44
76            android:resizeableActivity="false"
76-->[:unityLibrary] AndroidManifest.xml:61:13-47
77            android:screenOrientation="landscape"
77-->[:unityLibrary] AndroidManifest.xml:62:13-50
78            android:theme="@style/UnityThemeSelector" >
78-->[:unityLibrary] AndroidManifest.xml:63:13-54
79            <intent-filter>
79-->[:unityLibrary] AndroidManifest.xml:64:13-68:29
80                <action android:name="android.intent.action.MAIN" />
80-->[:unityLibrary] AndroidManifest.xml:65:17-69
80-->[:unityLibrary] AndroidManifest.xml:65:25-66
81
82                <category android:name="android.intent.category.LAUNCHER" />
82-->[:unityLibrary] AndroidManifest.xml:67:17-77
82-->[:unityLibrary] AndroidManifest.xml:67:27-74
83            </intent-filter>
84
85            <meta-data
85-->[:unityLibrary] AndroidManifest.xml:70:13-72:40
86                android:name="unityplayer.UnityActivity"
86-->[:unityLibrary] AndroidManifest.xml:71:17-57
87                android:value="true" />
87-->[:unityLibrary] AndroidManifest.xml:72:17-37
88            <meta-data
88-->[:unityLibrary] AndroidManifest.xml:73:13-75:40
89                android:name="android.notch_support"
89-->[:unityLibrary] AndroidManifest.xml:74:17-53
90                android:value="true" />
90-->[:unityLibrary] AndroidManifest.xml:75:17-37
91        </activity>
92
93        <meta-data
93-->[:unityLibrary] AndroidManifest.xml:78:9-80:33
94            android:name="unity.splash-mode"
94-->[:unityLibrary] AndroidManifest.xml:79:13-45
95            android:value="0" />
95-->[:unityLibrary] AndroidManifest.xml:80:13-30
96        <meta-data
96-->[:unityLibrary] AndroidManifest.xml:81:9-83:36
97            android:name="unity.splash-enable"
97-->[:unityLibrary] AndroidManifest.xml:82:13-47
98            android:value="True" />
98-->[:unityLibrary] AndroidManifest.xml:83:13-33
99        <meta-data
99-->[:unityLibrary] AndroidManifest.xml:84:9-86:36
100            android:name="unity.launch-fullscreen"
100-->[:unityLibrary] AndroidManifest.xml:85:13-51
101            android:value="True" />
101-->[:unityLibrary] AndroidManifest.xml:86:13-33
102        <meta-data
102-->[:unityLibrary] AndroidManifest.xml:87:9-89:37
103            android:name="unity.allow-resizable-window"
103-->[:unityLibrary] AndroidManifest.xml:88:13-56
104            android:value="False" />
104-->[:unityLibrary] AndroidManifest.xml:89:13-34
105        <meta-data
105-->[:unityLibrary] AndroidManifest.xml:90:9-92:50
106            android:name="notch.config"
106-->[:unityLibrary] AndroidManifest.xml:91:13-40
107            android:value="portrait|landscape" />
107-->[:unityLibrary] AndroidManifest.xml:92:13-47
108
109        <receiver
109-->[:unityLibrary] AndroidManifest.xml:94:9-96:40
110            android:name="com.unity.androidnotifications.UnityNotificationManager"
110-->[:unityLibrary] AndroidManifest.xml:95:13-83
111            android:exported="false" />
111-->[:unityLibrary] AndroidManifest.xml:96:13-37
112        <receiver
112-->[:unityLibrary] AndroidManifest.xml:97:9-104:20
113            android:name="com.unity.androidnotifications.UnityNotificationRestartOnBootReceiver"
113-->[:unityLibrary] AndroidManifest.xml:98:13-97
114            android:enabled="false"
114-->[:unityLibrary] AndroidManifest.xml:99:13-36
115            android:exported="false" >
115-->[:unityLibrary] AndroidManifest.xml:100:13-37
116            <intent-filter>
116-->[:unityLibrary] AndroidManifest.xml:101:13-103:29
117                <action android:name="android.intent.action.BOOT_COMPLETED" />
117-->[:unityLibrary] AndroidManifest.xml:102:17-79
117-->[:unityLibrary] AndroidManifest.xml:102:25-76
118            </intent-filter>
119        </receiver>
120
121        <activity
121-->[:UnityAds:] AndroidManifest.xml:14:9-18:74
122            android:name="com.unity3d.services.ads.adunit.AdUnitActivity"
122-->[:UnityAds:] AndroidManifest.xml:15:13-74
123            android:configChanges="fontScale|keyboard|keyboardHidden|locale|mnc|mcc|navigation|orientation|screenLayout|screenSize|smallestScreenSize|uiMode|touchscreen"
123-->[:UnityAds:] AndroidManifest.xml:16:13-170
124            android:hardwareAccelerated="true"
124-->[:UnityAds:] AndroidManifest.xml:17:13-47
125            android:theme="@android:style/Theme.NoTitleBar.Fullscreen" />
125-->[:UnityAds:] AndroidManifest.xml:18:13-71
126        <activity
126-->[:UnityAds:] AndroidManifest.xml:19:9-23:86
127            android:name="com.unity3d.services.ads.adunit.AdUnitTransparentActivity"
127-->[:UnityAds:] AndroidManifest.xml:20:13-85
128            android:configChanges="fontScale|keyboard|keyboardHidden|locale|mnc|mcc|navigation|orientation|screenLayout|screenSize|smallestScreenSize|uiMode|touchscreen"
128-->[:UnityAds:] AndroidManifest.xml:21:13-170
129            android:hardwareAccelerated="true"
129-->[:UnityAds:] AndroidManifest.xml:22:13-47
130            android:theme="@android:style/Theme.Translucent.NoTitleBar.Fullscreen" />
130-->[:UnityAds:] AndroidManifest.xml:23:13-83
131        <activity
131-->[:UnityAds:] AndroidManifest.xml:24:9-28:86
132            android:name="com.unity3d.services.ads.adunit.AdUnitTransparentSoftwareActivity"
132-->[:UnityAds:] AndroidManifest.xml:25:13-93
133            android:configChanges="fontScale|keyboard|keyboardHidden|locale|mnc|mcc|navigation|orientation|screenLayout|screenSize|smallestScreenSize|uiMode|touchscreen"
133-->[:UnityAds:] AndroidManifest.xml:26:13-170
134            android:hardwareAccelerated="false"
134-->[:UnityAds:] AndroidManifest.xml:27:13-48
135            android:theme="@android:style/Theme.Translucent.NoTitleBar.Fullscreen" />
135-->[:UnityAds:] AndroidManifest.xml:28:13-83
136        <activity
136-->[:UnityAds:] AndroidManifest.xml:29:9-33:74
137            android:name="com.unity3d.services.ads.adunit.AdUnitSoftwareActivity"
137-->[:UnityAds:] AndroidManifest.xml:30:13-82
138            android:configChanges="fontScale|keyboard|keyboardHidden|locale|mnc|mcc|navigation|orientation|screenLayout|screenSize|smallestScreenSize|uiMode|touchscreen"
138-->[:UnityAds:] AndroidManifest.xml:31:13-170
139            android:hardwareAccelerated="false"
139-->[:UnityAds:] AndroidManifest.xml:32:13-48
140            android:theme="@android:style/Theme.NoTitleBar.Fullscreen" />
140-->[:UnityAds:] AndroidManifest.xml:33:13-71
141    </application>
142
143</manifest>